
-----------start: 2023-04-14 10:58:03------------
content: [Errno 32] Broken pipe
filename=C:\data\project\5G_drone_nobodycar\nobodaycar.py
function=inner
-----------end-----------


-----------start: 2023-04-14 10:58:03------------
content: [Errno 32] Broken pipe
filename=C:\data\project\5G_drone_nobodycar\nobodaycar.py
function=inner
content: [Errno 32] Broken pipe
filename=C:\data\project\5G_drone_nobodycar\nobodaycar.py
function=inner
-----------end-----------


-----------start: 2023-04-14 10:58:03------------
content: [Errno 32] Broken pipe
filename=C:\data\project\5G_drone_nobodycar\nobodaycar.py
function=inner
content: [Errno 32] Broken pipe
filename=C:\data\project\5G_drone_nobodycar\nobodaycar.py
function=inner
content: [Errno 32] Broken pipe
filename=C:\data\project\5G_drone_nobodycar\nobodaycar.py
function=inner
-----------end-----------


-----------start: 2023-04-14 10:58:03------------
content: [Errno 32] Broken pipe
filename=C:\data\project\5G_drone_nobodycar\nobodaycar.py
function=inner
content: [Errno 32] Broken pipe
filename=C:\data\project\5G_drone_nobodycar\nobodaycar.py
function=inner
content: [Errno 32] Broken pipe
filename=C:\data\project\5G_drone_nobodycar\nobodaycar.py
function=inner
content: [Errno 32] Broken pipe
filename=C:\data\project\5G_drone_nobodycar\nobodaycar.py
function=inner
-----------end-----------

哈哈哈哈


